MEGAHIT v1.1.3
--- [Tue Sep 25 21:14:11 2018] Start assembly. Number of CPU threads 12 ---
--- [Tue Sep 25 21:14:11 2018] Available memory: 25333223424, used: 22799901081
--- [Tue Sep 25 21:14:11 2018] Converting reads to binaries ---
/u/project/zarlab/serghei/code/seeing.beyond.target/tools/needle/tools/megahit/megahit_asm_core buildlib /u/project/zarlab/serghei/code/seeing.beyond.target/example/toy.example.sbt/needle.out/toy.example.cat.unmapped.fastq.protozoa.megahit/tmp/reads.lib /u/project/zarlab/serghei/code/seeing.beyond.target/example/toy.example.sbt/needle.out/toy.example.cat.unmapped.fastq.protozoa.megahit/tmp/reads.lib
    [read_lib_functions-inl.h  : 209]     Lib 0 (/u/project/zarlab/serghei/code/seeing.beyond.target/example/toy.example.sbt/needle.out/toy.example.cat.unmapped.fastq.protozoa.fastq): se, 2 reads, 1054 max length
    [utils.h                   : 126]     Real: 0.0122	user: 0.0030	sys: 0.0070	maxrss: 6344
--- [Tue Sep 25 21:14:11 2018] k list: 21,31,41,51,61,71,81,91,101,111,121,131,141 ---
--- [Tue Sep 25 21:14:11 2018] Extracting solid (k+1)-mers for k = 21 ---
cmd: /u/project/zarlab/serghei/code/seeing.beyond.target/tools/needle/tools/megahit/megahit_sdbg_build count -k 21 -m 2 --host_mem 22799901081 --mem_flag 1 --gpu_mem 0 --output_prefix /u/project/zarlab/serghei/code/seeing.beyond.target/example/toy.example.sbt/needle.out/toy.example.cat.unmapped.fastq.protozoa.megahit/tmp/k21/21 --num_cpu_threads 12 --num_output_threads 4 --read_lib_file /u/project/zarlab/serghei/code/seeing.beyond.target/example/toy.example.sbt/needle.out/toy.example.cat.unmapped.fastq.protozoa.megahit/tmp/reads.lib
    [sdbg_builder.cpp          : 112]     Host memory to be used: 22799901081
    [sdbg_builder.cpp          : 113]     Number CPU threads: 12
    [cx1.h                     : 450]     Preparing data...
    [read_lib_functions-inl.h  : 256]     Before reading, sizeof seq_package: 496
    [read_lib_functions-inl.h  : 260]     After reading, sizeof seq_package: 496
    [cx1_kmer_count.cpp        : 136]     2 reads, 1054 max read length
    [cx1.h                     : 457]     Preparing data... Done. Time elapsed: 0.0012
    [cx1.h                     : 464]     Preparing partitions and initialing global data...
    [cx1_kmer_count.cpp        : 227]     2 words per substring, 2 words per edge
    [cx1_kmer_count.cpp        : 322]     Set: 2128, 22767394685
    [cx1_kmer_count.cpp        : 356]     244, 48 2128 22767394685
    [cx1_kmer_count.cpp        : 363]     Memory for reads: 536
    [cx1_kmer_count.cpp        : 364]     max # lv.1 items = 244
    [cx1.h                     : 480]     Preparing partitions and initialing global data... Done. Time elapsed: 0.0543
    [cx1.h                     : 486]     Start main loop...
    [cx1.h                     : 515]     Lv1 scanning from bucket 0 to 92
    [cx1.h                     : 528]     Lv1 scanning done. Large diff: 0. Time elapsed: 0.0013
    [cx1.h                     : 594]     Lv1 fetching & sorting done. Time elapsed: 0.0013
    [cx1.h                     : 515]     Lv1 scanning from bucket 92 to 286
    [cx1.h                     : 528]     Lv1 scanning done. Large diff: 0. Time elapsed: 0.0010
    [cx1.h                     : 594]     Lv1 fetching & sorting done. Time elapsed: 0.0007
    [cx1.h                     : 515]     Lv1 scanning from bucket 286 to 480
    [cx1.h                     : 528]     Lv1 scanning done. Large diff: 0. Time elapsed: 0.0010
    [cx1.h                     : 594]     Lv1 fetching & sorting done. Time elapsed: 0.0007
    [cx1.h                     : 515]     Lv1 scanning from bucket 480 to 696
    [cx1.h                     : 528]     Lv1 scanning done. Large diff: 0. Time elapsed: 0.0010
    [cx1.h                     : 594]     Lv1 fetching & sorting done. Time elapsed: 0.0007
    [cx1.h                     : 515]     Lv1 scanning from bucket 696 to 65536
    [cx1.h                     : 528]     Lv1 scanning done. Large diff: 0. Time elapsed: 0.0105
    [cx1.h                     : 594]     Lv1 fetching & sorting done. Time elapsed: 0.0048
    [cx1.h                     : 607]     Main loop done. Time elapsed: 0.0253
    [cx1.h                     : 613]     Postprocessing...
    [cx1_kmer_count.cpp        : 860]     Total number of candidate reads: 1(2)
    [cx1_kmer_count.cpp        : 871]     Total number of solid edges: 650
    [cx1.h                     : 621]     Postprocess done. Time elapsed: 0.1385
    [utils.h                   : 126]     Real: 0.2214	user: 0.0900	sys: 0.0560	maxrss: 21196
--- [Tue Sep 25 21:14:11 2018] Building graph for k = 21 ---
/u/project/zarlab/serghei/code/seeing.beyond.target/tools/needle/tools/megahit/megahit_sdbg_build seq2sdbg --host_mem 22799901081 --mem_flag 1 --gpu_mem 0 --output_prefix /u/project/zarlab/serghei/code/seeing.beyond.target/example/toy.example.sbt/needle.out/toy.example.cat.unmapped.fastq.protozoa.megahit/tmp/k21/21 --num_cpu_threads 12 -k 21 --kmer_from 0 --num_edge_files 4 --input_prefix /u/project/zarlab/serghei/code/seeing.beyond.target/example/toy.example.sbt/needle.out/toy.example.cat.unmapped.fastq.protozoa.megahit/tmp/k21/21 --need_mercy
    [sdbg_builder.cpp          : 339]     Host memory to be used: 22799901081
    [sdbg_builder.cpp          : 340]     Number CPU threads: 12
    [cx1.h                     : 450]     Preparing data...
    [cx1_seq2sdbg.cpp          : 394]     Number edges: 650
    [cx1_seq2sdbg.cpp          : 434]     Bases to reserve: 17864, number contigs: 0, number multiplicity: 812
    [cx1_seq2sdbg.cpp          : 440]     Before reading, sizeof seq_package: 4476, multiplicity vector: 812
    [cx1_seq2sdbg.cpp          : 455]     Adding mercy edges...
    [cx1_seq2sdbg.cpp          : 373]     Number of reads: 1, Number of mercy edges: 0
    [cx1_seq2sdbg.cpp          : 462]     Done. Time elapsed: 1.0340
    [cx1_seq2sdbg.cpp          : 529]     After reading, sizeof seq_package: 4476, multiplicity vector: 812
    [cx1.h                     : 457]     Preparing data... Done. Time elapsed: 1.0846
    [cx1.h                     : 464]     Preparing partitions and initialing global data...
    [cx1_seq2sdbg.cpp          : 740]     Memory for sequence: 5912
    [cx1_seq2sdbg.cpp          : 741]     max # lv.1 items = 520
    [cx1.h                     : 480]     Preparing partitions and initialing global data... Done. Time elapsed: 0.0724
    [cx1.h                     : 486]     Start main loop...
    [cx1.h                     : 515]     Lv1 scanning from bucket 0 to 182
    [cx1.h                     : 528]     Lv1 scanning done. Large diff: 0. Time elapsed: 0.0014
    [cx1.h                     : 594]     Lv1 fetching & sorting done. Time elapsed: 0.0011
    [cx1.h                     : 515]     Lv1 scanning from bucket 182 to 454
    [cx1.h                     : 528]     Lv1 scanning done. Large diff: 0. Time elapsed: 0.0010
    [cx1.h                     : 594]     Lv1 fetching & sorting done. Time elapsed: 0.0007
    [cx1.h                     : 515]     Lv1 scanning from bucket 454 to 726
    [cx1.h                     : 528]     Lv1 scanning done. Large diff: 0. Time elapsed: 0.0010
    [cx1.h                     : 594]     Lv1 fetching & sorting done. Time elapsed: 0.0007
    [cx1.h                     : 515]     Lv1 scanning from bucket 726 to 998
    [cx1.h                     : 528]     Lv1 scanning done. Large diff: 0. Time elapsed: 0.0010
    [cx1.h                     : 594]     Lv1 fetching & sorting done. Time elapsed: 0.0007
    [cx1.h                     : 515]     Lv1 scanning from bucket 998 to 65536
    [cx1.h                     : 528]     Lv1 scanning done. Large diff: 0. Time elapsed: 0.0099
    [cx1.h                     : 594]     Lv1 fetching & sorting done. Time elapsed: 0.0038
    [cx1.h                     : 607]     Main loop done. Time elapsed: 0.0237
    [cx1.h                     : 613]     Postprocessing...
    [cx1_seq2sdbg.cpp          :1139]     Number of $ A C G T A- C- G- T-:
    [cx1_seq2sdbg.cpp          :1142]     2 305 344 350 303 0 0 0 0
    [cx1_seq2sdbg.cpp          :1151]     Total number of edges: 1304
    [cx1_seq2sdbg.cpp          :1152]     Total number of ONEs: 1302
    [cx1_seq2sdbg.cpp          :1153]     Total number of $v edges: 2
    [cx1.h                     : 621]     Postprocess done. Time elapsed: 0.0987
    [utils.h                   : 126]     Real: 1.2824	user: 0.2330	sys: 1.0318	maxrss: 265584
--- [Tue Sep 25 21:14:13 2018] Assembling contigs from SdBG for k = 21 ---
cmd: /u/project/zarlab/serghei/code/seeing.beyond.target/tools/needle/tools/megahit/megahit_asm_core assemble -s /u/project/zarlab/serghei/code/seeing.beyond.target/example/toy.example.sbt/needle.out/toy.example.cat.unmapped.fastq.protozoa.megahit/tmp/k21/21 -o /u/project/zarlab/serghei/code/seeing.beyond.target/example/toy.example.sbt/needle.out/toy.example.cat.unmapped.fastq.protozoa.megahit/intermediate_contigs/k21 -t 12 --min_standalone 300.0 --prune_level 2 --merge_len 20 --merge_similar 0.95 --low_local_ratio 0.2 --min_depth 2 --bubble_level 2 --max_tip_len -1 --careful_bubble
    [assembler.cpp             : 148]     Loading succinct de Bruijn graph: /u/project/zarlab/serghei/code/seeing.beyond.target/example/toy.example.sbt/needle.out/toy.example.cat.unmapped.fastq.protozoa.megahit/tmp/k21/21 Done. Time elapsed: 0.056280
    [assembler.cpp             : 152]     Number of Edges: 1304; K value: 21
    [assembler.cpp             : 162]     Number of CPU threads: 12
    [assembly_algorithms.cpp   : 162]     Removing tips with length less than 2; Accumulated tips removed: 0; time elapsed: 0.0110
    [assembly_algorithms.cpp   : 162]     Removing tips with length less than 4; Accumulated tips removed: 0; time elapsed: 0.0030
    [assembly_algorithms.cpp   : 162]     Removing tips with length less than 8; Accumulated tips removed: 0; time elapsed: 0.0000
    [assembly_algorithms.cpp   : 162]     Removing tips with length less than 16; Accumulated tips removed: 0; time elapsed: 0.0000
    [assembly_algorithms.cpp   : 162]     Removing tips with length less than 32; Accumulated tips removed: 0; time elapsed: 0.0000
    [assembly_algorithms.cpp   : 170]     Removing tips with length less than 42; Accumulated tips removed: 0; time elapsed: 0.0001
    [assembler.cpp             : 179]     Tips removal done! Time elapsed(sec): 0.016041
    [assembler.cpp             : 188]     unitig graph size: 2, time for building: 0.000889
    [assembler.cpp             : 211]     Number of bubbles removed: 0, Time elapsed(sec): 0.017657
    [assembler.cpp             : 225]     Number of complex bubbles removed: 0, Time elapsed(sec): 0.000057
    [assembler.cpp             : 243]     Number unitigs disconnected: 0, time: 0.000051
    [assembler.cpp             : 265]     Unitigs removed in excessive pruning: 0, time: 0.000007
    [assembler.cpp             : 132]     Total length: 692, N50: 665, Mean: 346, number of contigs: 2
    [assembler.cpp             : 133]     Maximum length: 665
    [assembler.cpp             : 290]     Time to output: 0.000321
    [assembler.cpp             : 317]     Number of local low depth unitigs removed: 0, complex bubbles removed: 0, time: 0.000204
    [assembler.cpp             : 132]     Total length: 27, N50: 27, Mean: 27, number of contigs: 1
    [assembler.cpp             : 133]     Maximum length: 27
    [utils.h                   : 126]     Real: 0.1412	user: 0.4979	sys: 0.0320	maxrss: 11360
--- [Tue Sep 25 21:14:13 2018] Local assembling k = 21 ---
cmd: /u/project/zarlab/serghei/code/seeing.beyond.target/tools/needle/tools/megahit/megahit_asm_core local -c /u/project/zarlab/serghei/code/seeing.beyond.target/example/toy.example.sbt/needle.out/toy.example.cat.unmapped.fastq.protozoa.megahit/intermediate_contigs/k21.contigs.fa -l /u/project/zarlab/serghei/code/seeing.beyond.target/example/toy.example.sbt/needle.out/toy.example.cat.unmapped.fastq.protozoa.megahit/tmp/reads.lib -t 12 -o /u/project/zarlab/serghei/code/seeing.beyond.target/example/toy.example.sbt/needle.out/toy.example.cat.unmapped.fastq.protozoa.megahit/intermediate_contigs/k21.local.fa --kmax 31
    [local_assembler.cpp       :  89]     Number of contigs: 1, Mapper size: 80
    [read_lib_functions-inl.h  : 256]     Before reading, sizeof seq_package: 496
    [read_lib_functions-inl.h  : 260]     After reading, sizeof seq_package: 496
    [local_assembler.cpp       : 462]     Lib 0: total 2 reads, aligned 2, added 0 reads for local assembly
    [utils.h                   : 126]     Real: 0.0227	user: 0.1670	sys: 0.0070	maxrss: 6348
--- [Tue Sep 25 21:14:13 2018] Extracting iterative edges from k = 21 to 31 ---
cmd: /u/project/zarlab/serghei/code/seeing.beyond.target/tools/needle/tools/megahit/megahit_asm_core iterate -c /u/project/zarlab/serghei/code/seeing.beyond.target/example/toy.example.sbt/needle.out/toy.example.cat.unmapped.fastq.protozoa.megahit/intermediate_contigs/k21.contigs.fa -b /u/project/zarlab/serghei/code/seeing.beyond.target/example/toy.example.sbt/needle.out/toy.example.cat.unmapped.fastq.protozoa.megahit/intermediate_contigs/k21.bubble_seq.fa -t 12 -k 21 -s 10 -o /u/project/zarlab/serghei/code/seeing.beyond.target/example/toy.example.sbt/needle.out/toy.example.cat.unmapped.fastq.protozoa.megahit/tmp/k31/31 -r /u/project/zarlab/serghei/code/seeing.beyond.target/example/toy.example.sbt/needle.out/toy.example.cat.unmapped.fastq.protozoa.megahit/tmp/reads.lib.bin -f binary
    [iterate_edges.cpp         : 570]     Number of crusial kmers: 0
    [iterate_edges.cpp         : 570]     Number of crusial kmers: 0
    [iterate_edges.cpp         : 447]     Total: 2, aligned: 0. Iterative edges: 0
    [utils.h                   : 126]     Real: 0.0072	user: 0.0630	sys: 0.0060	maxrss: 6348
--- [Tue Sep 25 21:14:13 2018] Merging to output final contigs ---
--- [STAT] 1 contigs, total 665 bp, min 665 bp, max 665 bp, avg 665 bp, N50 665 bp
--- [Tue Sep 25 21:14:13 2018] ALL DONE. Time elapsed: 1.931277 seconds ---
